# JRE version: Java(TM) SE Runtime Environment (8.0_211-b12) (build 1.8.0_211-b12)
# Java VM: Java HotSpot(TM) 64-Bit Server VM (25.211-b12 mixed mode windows-amd64 compressed oops)
Heap:
 PSYoungGen      total 158208K, used 91065K [0x000000076ab00000, 0x0000000778000000, 0x00000007c0000000)
  eden space 147968K, 60% used [0x000000076ab00000,0x00000007702ef9d0,0x0000000773b80000)
  from space 10240K, 9% used [0x0000000773b80000,0x0000000773c7ed88,0x0000000774580000)
  to   space 10240K, 0% used [0x0000000777600000,0x0000000777600000,0x0000000778000000)
 ParOldGen       total 90624K, used 10555K [0x00000006c0000000, 0x00000006c5880000, 0x000000076ab00000)
  object space 90624K, 11% used [0x00000006c0000000,0x00000006c0a4ef80,0x00000006c5880000)
 Metaspace       used 30821K, capacity 31982K, committed 32128K, reserved 1077248K
  class space    used 3937K, capacity 4195K, committed 4224K, reserved 1048576K
GC Heap History (10 events):
Event: 11.913 GC heap before
{Heap before GC invocations=8 (full 1):
 PSYoungGen      total 76800K, used 69888K [0x000000076ab00000, 0x0000000772980000, 0x00000007c0000000)
  eden space 66048K, 100% used [0x000000076ab00000,0x000000076eb80000,0x000000076eb80000)
  from space 10752K, 35% used [0x000000076f580000,0x000000076f940098,0x0000000770000000)
  to   space 10240K, 0% used [0x000000076eb80000,0x000000076eb80000,0x000000076f580000)
 ParOldGen       total 90624K, used 5403K [0x00000006c0000000, 0x00000006c5880000, 0x000000076ab00000)
  object space 90624K, 5% used [0x00000006c0000000,0x00000006c0546f10,0x00000006c5880000)
 Metaspace       used 27671K, capacity 28714K, committed 28928K, reserved 1075200K
  class space    used 3560K, capacity 3823K, committed 3840K, reserved 1048576K
Event: 11.958 GC heap after
Heap after GC invocations=8 (full 1):
 PSYoungGen      total 76288K, used 5083K [0x000000076ab00000, 0x0000000772900000, 0x00000007c0000000)
  eden space 66048K, 0% used [0x000000076ab00000,0x000000076ab00000,0x000000076eb80000)
  from space 10240K, 49% used [0x000000076eb80000,0x000000076f076c78,0x000000076f580000)
  to   space 9728K, 0% used [0x0000000771f80000,0x0000000771f80000,0x0000000772900000)
 ParOldGen       total 90624K, used 5411K [0x00000006c0000000, 0x00000006c5880000, 0x000000076ab00000)
  object space 90624K, 5% used [0x00000006c0000000,0x00000006c0548f10,0x00000006c5880000)
 Metaspace       used 27671K, capacity 28714K, committed 28928K, reserved 1075200K
  class space    used 3560K, capacity 3823K, committed 3840K, reserved 1048576K
}
Event: 12.934 GC heap before
{Heap before GC invocations=9 (full 1):
 PSYoungGen      total 76288K, used 71131K [0x000000076ab00000, 0x0000000772900000, 0x00000007c0000000)
  eden space 66048K, 100% used [0x000000076ab00000,0x000000076eb80000,0x000000076eb80000)
  from space 10240K, 49% used [0x000000076eb80000,0x000000076f076c78,0x000000076f580000)
  to   space 9728K, 0% used [0x0000000771f80000,0x0000000771f80000,0x0000000772900000)
 ParOldGen       total 90624K, used 5411K [0x00000006c0000000, 0x00000006c5880000, 0x000000076ab00000)
  object space 90624K, 5% used [0x00000006c0000000,0x00000006c0548f10,0x00000006c5880000)
 Metaspace       used 29053K, capacity 30140K, committed 30464K, reserved 1075200K
  class space    used 3707K, capacity 3970K, committed 4096K, reserved 1048576K
Event: 12.947 GC heap after
Heap after GC invocations=9 (full 1):
 PSYoungGen      total 118272K, used 5715K [0x000000076ab00000, 0x0000000772880000, 0x00000007c0000000)
  eden space 109056K, 0% used [0x000000076ab00000,0x000000076ab00000,0x0000000771580000)
  from space 9216K, 62% used [0x0000000771f80000,0x0000000772514de0,0x0000000772880000)
  to   space 9728K, 0% used [0x0000000771580000,0x0000000771580000,0x0000000771f00000)
 ParOldGen       total 90624K, used 5411K [0x00000006c0000000, 0x00000006c5880000, 0x000000076ab00000)
  object space 90624K, 5% used [0x00000006c0000000,0x00000006c0548f10,0x00000006c5880000)
 Metaspace       used 29053K, capacity 30140K, committed 30464K, reserved 1075200K
  class space    used 3707K, capacity 3970K, committed 4096K, reserved 1048576K
}
Event: 15.524 GC heap before
{Heap before GC invocations=10 (full 1):
 PSYoungGen      total 118272K, used 114771K [0x000000076ab00000, 0x0000000772880000, 0x00000007c0000000)
  eden space 109056K, 100% used [0x000000076ab00000,0x0000000771580000,0x0000000771580000)
  from space 9216K, 62% used [0x0000000771f80000,0x0000000772514de0,0x0000000772880000)
  to   space 9728K, 0% used [0x0000000771580000,0x0000000771580000,0x0000000771f00000)
 ParOldGen       total 90624K, used 5411K [0x00000006c0000000, 0x00000006c5880000, 0x000000076ab00000)
  object space 90624K, 5% used [0x00000006c0000000,0x00000006c0548f10,0x00000006c5880000)
 Metaspace       used 29351K, capacity 30440K, committed 30720K, reserved 1075200K
  class space    used 3745K, capacity 4012K, committed 4096K, reserved 1048576K
Event: 15.534 GC heap after
Heap after GC invocations=10 (full 1):
 PSYoungGen      total 118784K, used 4417K [0x000000076ab00000, 0x0000000774f00000, 0x00000007c0000000)
  eden space 109056K, 0% used [0x000000076ab00000,0x000000076ab00000,0x0000000771580000)
  from space 9728K, 45% used [0x0000000771580000,0x00000007719d05e0,0x0000000771f00000)
  to   space 9728K, 0% used [0x0000000774580000,0x0000000774580000,0x0000000774f00000)
 ParOldGen       total 90624K, used 6331K [0x00000006c0000000, 0x00000006c5880000, 0x000000076ab00000)
  object space 90624K, 6% used [0x00000006c0000000,0x00000006c062ef10,0x00000006c5880000)
 Metaspace       used 29351K, capacity 30440K, committed 30720K, reserved 1075200K
  class space    used 3745K, capacity 4012K, committed 4096K, reserved 1048576K
}
Event: 16.203 GC heap before
{Heap before GC invocations=11 (full 1):
 PSYoungGen      total 118784K, used 113473K [0x000000076ab00000, 0x0000000774f00000, 0x00000007c0000000)
  eden space 109056K, 100% used [0x000000076ab00000,0x0000000771580000,0x0000000771580000)
  from space 9728K, 45% used [0x0000000771580000,0x00000007719d05e0,0x0000000771f00000)
  to   space 9728K, 0% used [0x0000000774580000,0x0000000774580000,0x0000000774f00000)
 ParOldGen       total 90624K, used 6331K [0x00000006c0000000, 0x00000006c5880000, 0x000000076ab00000)
  object space 90624K, 6% used [0x00000006c0000000,0x00000006c062ef10,0x00000006c5880000)
 Metaspace       used 29534K, capacity 30660K, committed 30976K, reserved 1077248K
  class space    used 3764K, capacity 4016K, committed 4096K, reserved 1048576K
Event: 16.211 GC heap after
Heap after GC invocations=11 (full 1):
 PSYoungGen      total 157696K, used 1056K [0x000000076ab00000, 0x0000000774f80000, 0x00000007c0000000)
  eden space 147968K, 0% used [0x000000076ab00000,0x000000076ab00000,0x0000000773b80000)
  from space 9728K, 10% used [0x0000000774580000,0x0000000774688000,0x0000000774f00000)
  to   space 10240K, 0% used [0x0000000773b80000,0x0000000773b80000,0x0000000774580000)
 ParOldGen       total 90624K, used 9867K [0x00000006c0000000, 0x00000006c5880000, 0x000000076ab00000)
  object space 90624K, 10% used [0x00000006c0000000,0x00000006c09a2f80,0x00000006c5880000)
 Metaspace       used 29534K, capacity 30660K, committed 30976K, reserved 1077248K
  class space    used 3764K, capacity 4016K, committed 4096K, reserved 1048576K
}
Event: 17.787 GC heap before
{Heap before GC invocations=12 (full 1):
 PSYoungGen      total 157696K, used 149024K [0x000000076ab00000, 0x0000000774f80000, 0x00000007c0000000)
  eden space 147968K, 100% used [0x000000076ab00000,0x0000000773b80000,0x0000000773b80000)
  from space 9728K, 10% used [0x0000000774580000,0x0000000774688000,0x0000000774f00000)
  to   space 10240K, 0% used [0x0000000773b80000,0x0000000773b80000,0x0000000774580000)
 ParOldGen       total 90624K, used 9867K [0x00000006c0000000, 0x00000006c5880000, 0x000000076ab00000)
  object space 90624K, 10% used [0x00000006c0000000,0x00000006c09a2f80,0x00000006c5880000)
 Metaspace       used 29777K, capacity 30932K, committed 31232K, reserved 1077248K
  class space    used 3789K, capacity 4052K, committed 4096K, reserved 1048576K
Event: 17.796 GC heap after
Heap after GC invocations=12 (full 1):
 PSYoungGen      total 158208K, used 1019K [0x000000076ab00000, 0x0000000778000000, 0x00000007c0000000)
  eden space 147968K, 0% used [0x000000076ab00000,0x000000076ab00000,0x0000000773b80000)
  from space 10240K, 9% used [0x0000000773b80000,0x0000000773c7ed88,0x0000000774580000)
  to   space 10240K, 0% used [0x0000000777600000,0x0000000777600000,0x0000000778000000)
 ParOldGen       total 90624K, used 10555K [0x00000006c0000000, 0x00000006c5880000, 0x000000076ab00000)
  object space 90624K, 11% used [0x00000006c0000000,0x00000006c0a4ef80,0x00000006c5880000)
 Metaspace       used 29777K, capacity 30932K, committed 31232K, reserved 1077248K
  class space    used 3789K, capacity 4052K, committed 4096K, reserved 1048576K
}

