# JRE version: Java(TM) SE Runtime Environment (8.0_211-b12) (build 1.8.0_211-b12)
# Java VM: Java HotSpot(TM) 64-Bit Server VM (25.211-b12 mixed mode windows-amd64 compressed oops)
Heap:
 PSYoungGen      total 767488K, used 43498K [0x000000076ab00000, 0x00000007ab200000, 0x00000007c0000000)
  eden space 753664K, 5% used [0x000000076ab00000,0x000000076d57a968,0x0000000798b00000)
  from space 13824K, 0% used [0x0000000798b00000,0x0000000798b00000,0x0000000799880000)
  to   space 23040K, 0% used [0x00000007a9b80000,0x00000007a9b80000,0x00000007ab200000)
 ParOldGen       total 186880K, used 41202K [0x00000006c0000000, 0x00000006cb680000, 0x000000076ab00000)
  object space 186880K, 22% used [0x00000006c0000000,0x00000006c283ca88,0x00000006cb680000)
 Metaspace       used 56514K, capacity 59434K, committed 59608K, reserved 1101824K
  class space    used 7568K, capacity 8066K, committed 8192K, reserved 1048576K
GC Heap History (10 events):
Event: 13.724 GC heap before
{Heap before GC invocations=8 (full 1):
 PSYoungGen      total 458752K, used 451008K [0x000000076ab00000, 0x0000000787880000, 0x00000007c0000000)
  eden space 445440K, 100% used [0x000000076ab00000,0x0000000785e00000,0x0000000785e00000)
  from space 13312K, 41% used [0x0000000786b00000,0x0000000787070020,0x0000000787800000)
  to   space 13312K, 0% used [0x0000000785e00000,0x0000000785e00000,0x0000000786b00000)
 ParOldGen       total 88064K, used 6063K [0x00000006c0000000, 0x00000006c5600000, 0x000000076ab00000)
  object space 88064K, 6% used [0x00000006c0000000,0x00000006c05ebc18,0x00000006c5600000)
 Metaspace       used 29751K, capacity 30934K, committed 31232K, reserved 1077248K
  class space    used 3786K, capacity 4053K, committed 4096K, reserved 1048576K
Event: 13.734 GC heap after
Heap after GC invocations=8 (full 1):
 PSYoungGen      total 458752K, used 6127K [0x000000076ab00000, 0x000000079a580000, 0x00000007c0000000)
  eden space 445440K, 0% used [0x000000076ab00000,0x000000076ab00000,0x0000000785e00000)
  from space 13312K, 46% used [0x0000000785e00000,0x00000007863fbe08,0x0000000786b00000)
  to   space 12800K, 0% used [0x0000000799900000,0x0000000799900000,0x000000079a580000)
 ParOldGen       total 88064K, used 6071K [0x00000006c0000000, 0x00000006c5600000, 0x000000076ab00000)
  object space 88064K, 6% used [0x00000006c0000000,0x00000006c05edc18,0x00000006c5600000)
 Metaspace       used 29751K, capacity 30934K, committed 31232K, reserved 1077248K
  class space    used 3786K, capacity 4053K, committed 4096K, reserved 1048576K
}
Event: 15.675 GC heap before
{Heap before GC invocations=9 (full 1):
 PSYoungGen      total 458752K, used 334024K [0x000000076ab00000, 0x000000079a580000, 0x00000007c0000000)
  eden space 445440K, 73% used [0x000000076ab00000,0x000000077eb36248,0x0000000785e00000)
  from space 13312K, 46% used [0x0000000785e00000,0x00000007863fbe08,0x0000000786b00000)
  to   space 12800K, 0% used [0x0000000799900000,0x0000000799900000,0x000000079a580000)
 ParOldGen       total 88064K, used 6071K [0x00000006c0000000, 0x00000006c5600000, 0x000000076ab00000)
  object space 88064K, 6% used [0x00000006c0000000,0x00000006c05edc18,0x00000006c5600000)
 Metaspace       used 34090K, capacity 35332K, committed 35416K, reserved 1079296K
  class space    used 4404K, capacity 4676K, committed 4736K, reserved 1048576K
Event: 15.702 GC heap after
Heap after GC invocations=9 (full 1):
 PSYoungGen      total 766464K, used 11322K [0x000000076ab00000, 0x000000079a600000, 0x00000007c0000000)
  eden space 753664K, 0% used [0x000000076ab00000,0x000000076ab00000,0x0000000798b00000)
  from space 12800K, 88% used [0x0000000799900000,0x000000079a40e900,0x000000079a580000)
  to   space 13824K, 0% used [0x0000000798b00000,0x0000000798b00000,0x0000000799880000)
 ParOldGen       total 88064K, used 6079K [0x00000006c0000000, 0x00000006c5600000, 0x000000076ab00000)
  object space 88064K, 6% used [0x00000006c0000000,0x00000006c05efc18,0x00000006c5600000)
 Metaspace       used 34090K, capacity 35332K, committed 35416K, reserved 1079296K
  class space    used 4404K, capacity 4676K, committed 4736K, reserved 1048576K
}
Event: 15.702 GC heap before
{Heap before GC invocations=10 (full 2):
 PSYoungGen      total 766464K, used 11322K [0x000000076ab00000, 0x000000079a600000, 0x00000007c0000000)
  eden space 753664K, 0% used [0x000000076ab00000,0x000000076ab00000,0x0000000798b00000)
  from space 12800K, 88% used [0x0000000799900000,0x000000079a40e900,0x000000079a580000)
  to   space 13824K, 0% used [0x0000000798b00000,0x0000000798b00000,0x0000000799880000)
 ParOldGen       total 88064K, used 6079K [0x00000006c0000000, 0x00000006c5600000, 0x000000076ab00000)
  object space 88064K, 6% used [0x00000006c0000000,0x00000006c05efc18,0x00000006c5600000)
 Metaspace       used 34090K, capacity 35332K, committed 35416K, reserved 1079296K
  class space    used 4404K, capacity 4676K, committed 4736K, reserved 1048576K
Event: 15.793 GC heap after
Heap after GC invocations=10 (full 2):
 PSYoungGen      total 766464K, used 0K [0x000000076ab00000, 0x000000079a600000, 0x00000007c0000000)
  eden space 753664K, 0% used [0x000000076ab00000,0x000000076ab00000,0x0000000798b00000)
  from space 12800K, 0% used [0x0000000799900000,0x0000000799900000,0x000000079a580000)
  to   space 13824K, 0% used [0x0000000798b00000,0x0000000798b00000,0x0000000799880000)
 ParOldGen       total 129024K, used 15340K [0x00000006c0000000, 0x00000006c7e00000, 0x000000076ab00000)
  object space 129024K, 11% used [0x00000006c0000000,0x00000006c0efb3e0,0x00000006c7e00000)
 Metaspace       used 34090K, capacity 35332K, committed 35416K, reserved 1079296K
  class space    used 4404K, capacity 4676K, committed 4736K, reserved 1048576K
}
Event: 283.309 GC heap before
{Heap before GC invocations=11 (full 2):
 PSYoungGen      total 766464K, used 625011K [0x000000076ab00000, 0x000000079a600000, 0x00000007c0000000)
  eden space 753664K, 82% used [0x000000076ab00000,0x0000000790d5cd00,0x0000000798b00000)
  from space 12800K, 0% used [0x0000000799900000,0x0000000799900000,0x000000079a580000)
  to   space 13824K, 0% used [0x0000000798b00000,0x0000000798b00000,0x0000000799880000)
 ParOldGen       total 129024K, used 15340K [0x00000006c0000000, 0x00000006c7e00000, 0x000000076ab00000)
  object space 129024K, 11% used [0x00000006c0000000,0x00000006c0efb3e0,0x00000006c7e00000)
 Metaspace       used 56007K, capacity 58858K, committed 58968K, reserved 1099776K
  class space    used 7469K, capacity 8002K, committed 8064K, reserved 1048576K
Event: 283.408 GC heap after
Heap after GC invocations=11 (full 2):
 PSYoungGen      total 767488K, used 13804K [0x000000076ab00000, 0x00000007ab200000, 0x00000007c0000000)
  eden space 753664K, 0% used [0x000000076ab00000,0x000000076ab00000,0x0000000798b00000)
  from space 13824K, 99% used [0x0000000798b00000,0x000000079987b2d8,0x0000000799880000)
  to   space 23040K, 0% used [0x00000007a9b80000,0x00000007a9b80000,0x00000007ab200000)
 ParOldGen       total 129024K, used 33994K [0x00000006c0000000, 0x00000006c7e00000, 0x000000076ab00000)
  object space 129024K, 26% used [0x00000006c0000000,0x00000006c2132b90,0x00000006c7e00000)
 Metaspace       used 56007K, capacity 58858K, committed 58968K, reserved 1099776K
  class space    used 7469K, capacity 8002K, committed 8064K, reserved 1048576K
}
Event: 283.408 GC heap before
{Heap before GC invocations=12 (full 3):
 PSYoungGen      total 767488K, used 13804K [0x000000076ab00000, 0x00000007ab200000, 0x00000007c0000000)
  eden space 753664K, 0% used [0x000000076ab00000,0x000000076ab00000,0x0000000798b00000)
  from space 13824K, 99% used [0x0000000798b00000,0x000000079987b2d8,0x0000000799880000)
  to   space 23040K, 0% used [0x00000007a9b80000,0x00000007a9b80000,0x00000007ab200000)
 ParOldGen       total 129024K, used 33994K [0x00000006c0000000, 0x00000006c7e00000, 0x000000076ab00000)
  object space 129024K, 26% used [0x00000006c0000000,0x00000006c2132b90,0x00000006c7e00000)
 Metaspace       used 56007K, capacity 58858K, committed 58968K, reserved 1099776K
  class space    used 7469K, capacity 8002K, committed 8064K, reserved 1048576K
Event: 283.697 GC heap after
Heap after GC invocations=12 (full 3):
 PSYoungGen      total 767488K, used 0K [0x000000076ab00000, 0x00000007ab200000, 0x00000007c0000000)
  eden space 753664K, 0% used [0x000000076ab00000,0x000000076ab00000,0x0000000798b00000)
  from space 13824K, 0% used [0x0000000798b00000,0x0000000798b00000,0x0000000799880000)
  to   space 23040K, 0% used [0x00000007a9b80000,0x00000007a9b80000,0x00000007ab200000)
 ParOldGen       total 186880K, used 41202K [0x00000006c0000000, 0x00000006cb680000, 0x000000076ab00000)
  object space 186880K, 22% used [0x00000006c0000000,0x00000006c283ca88,0x00000006cb680000)
 Metaspace       used 55999K, capacity 58846K, committed 58968K, reserved 1099776K
  class space    used 7468K, capacity 8000K, committed 8064K, reserved 1048576K
}

