# JRE version: Java(TM) SE Runtime Environment (8.0_211-b12) (build 1.8.0_211-b12)
# Java VM: Java HotSpot(TM) 64-Bit Server VM (25.211-b12 mixed mode windows-amd64 compressed oops)
Heap:
 PSYoungGen      total 785408K, used 662736K [0x000000076ab00000, 0x000000079be80000, 0x00000007c0000000)
  eden space 774144K, 85% used [0x000000076ab00000,0x0000000793234080,0x0000000799f00000)
  from space 11264K, 0% used [0x000000079b380000,0x000000079b380000,0x000000079be80000)
  to   space 13824K, 0% used [0x000000079a380000,0x000000079a380000,0x000000079b100000)
 ParOldGen       total 132608K, used 15087K [0x00000006c0000000, 0x00000006c8180000, 0x000000076ab00000)
  object space 132608K, 11% used [0x00000006c0000000,0x00000006c0ebbf80,0x00000006c8180000)
 Metaspace       used 53084K, capacity 55972K, committed 56280K, reserved 1097728K
  class space    used 7085K, capacity 7611K, committed 7680K, reserved 1048576K
GC Heap History (10 events):
Event: 13.397 GC heap before
{Heap before GC invocations=6 (full 1):
 PSYoungGen      total 272896K, used 262144K [0x000000076ab00000, 0x000000077c000000, 0x00000007c0000000)
  eden space 262144K, 100% used [0x000000076ab00000,0x000000077ab00000,0x000000077ab00000)
  from space 10752K, 0% used [0x000000077b580000,0x000000077b580000,0x000000077c000000)
  to   space 10752K, 0% used [0x000000077ab00000,0x000000077ab00000,0x000000077b580000)
 ParOldGen       total 88576K, used 5504K [0x00000006c0000000, 0x00000006c5680000, 0x000000076ab00000)
  object space 88576K, 6% used [0x00000006c0000000,0x00000006c0560240,0x00000006c5680000)
 Metaspace       used 29154K, capacity 30248K, committed 30464K, reserved 1075200K
  class space    used 3727K, capacity 3978K, committed 4096K, reserved 1048576K
Event: 13.417 GC heap after
Heap after GC invocations=6 (full 1):
 PSYoungGen      total 272896K, used 10748K [0x000000076ab00000, 0x0000000787780000, 0x00000007c0000000)
  eden space 262144K, 0% used [0x000000076ab00000,0x000000076ab00000,0x000000077ab00000)
  from space 10752K, 99% used [0x000000077ab00000,0x000000077b57f158,0x000000077b580000)
  to   space 13312K, 0% used [0x0000000786a80000,0x0000000786a80000,0x0000000787780000)
 ParOldGen       total 88576K, used 6085K [0x00000006c0000000, 0x00000006c5680000, 0x000000076ab00000)
  object space 88576K, 6% used [0x00000006c0000000,0x00000006c05f17c0,0x00000006c5680000)
 Metaspace       used 29154K, capacity 30248K, committed 30464K, reserved 1075200K
  class space    used 3727K, capacity 3978K, committed 4096K, reserved 1048576K
}
Event: 14.091 GC heap before
{Heap before GC invocations=7 (full 1):
 PSYoungGen      total 272896K, used 272892K [0x000000076ab00000, 0x0000000787780000, 0x00000007c0000000)
  eden space 262144K, 100% used [0x000000076ab00000,0x000000077ab00000,0x000000077ab00000)
  from space 10752K, 99% used [0x000000077ab00000,0x000000077b57f158,0x000000077b580000)
  to   space 13312K, 0% used [0x0000000786a80000,0x0000000786a80000,0x0000000787780000)
 ParOldGen       total 88576K, used 6085K [0x00000006c0000000, 0x00000006c5680000, 0x000000076ab00000)
  object space 88576K, 6% used [0x00000006c0000000,0x00000006c05f17c0,0x00000006c5680000)
 Metaspace       used 29472K, capacity 30590K, committed 30720K, reserved 1075200K
  class space    used 3757K, capacity 4015K, committed 4096K, reserved 1048576K
Event: 14.112 GC heap after
Heap after GC invocations=7 (full 1):
 PSYoungGen      total 458240K, used 5492K [0x000000076ab00000, 0x0000000788800000, 0x00000007c0000000)
  eden space 444928K, 0% used [0x000000076ab00000,0x000000076ab00000,0x0000000785d80000)
  from space 13312K, 41% used [0x0000000786a80000,0x0000000786fdd030,0x0000000787780000)
  to   space 13312K, 0% used [0x0000000785d80000,0x0000000785d80000,0x0000000786a80000)
 ParOldGen       total 88576K, used 6093K [0x00000006c0000000, 0x00000006c5680000, 0x000000076ab00000)
  object space 88576K, 6% used [0x00000006c0000000,0x00000006c05f37c0,0x00000006c5680000)
 Metaspace       used 29472K, capacity 30590K, committed 30720K, reserved 1075200K
  class space    used 3757K, capacity 4015K, committed 4096K, reserved 1048576K
}
Event: 14.776 GC heap before
{Heap before GC invocations=8 (full 1):
 PSYoungGen      total 458240K, used 450420K [0x000000076ab00000, 0x0000000788800000, 0x00000007c0000000)
  eden space 444928K, 100% used [0x000000076ab00000,0x0000000785d80000,0x0000000785d80000)
  from space 13312K, 41% used [0x0000000786a80000,0x0000000786fdd030,0x0000000787780000)
  to   space 13312K, 0% used [0x0000000785d80000,0x0000000785d80000,0x0000000786a80000)
 ParOldGen       total 88576K, used 6093K [0x00000006c0000000, 0x00000006c5680000, 0x000000076ab00000)
  object space 88576K, 6% used [0x00000006c0000000,0x00000006c05f37c0,0x00000006c5680000)
 Metaspace       used 29742K, capacity 30868K, committed 30976K, reserved 1077248K
  class space    used 3787K, capacity 4052K, committed 4096K, reserved 1048576K
Event: 14.787 GC heap after
Heap after GC invocations=8 (full 1):
 PSYoungGen      total 458240K, used 6115K [0x000000076ab00000, 0x000000079c000000, 0x00000007c0000000)
  eden space 444928K, 0% used [0x000000076ab00000,0x000000076ab00000,0x0000000785d80000)
  from space 13312K, 45% used [0x0000000785d80000,0x0000000786378e18,0x0000000786a80000)
  to   space 12800K, 0% used [0x000000079b380000,0x000000079b380000,0x000000079c000000)
 ParOldGen       total 88576K, used 6101K [0x00000006c0000000, 0x00000006c5680000, 0x000000076ab00000)
  object space 88576K, 6% used [0x00000006c0000000,0x00000006c05f57c0,0x00000006c5680000)
 Metaspace       used 29742K, capacity 30868K, committed 30976K, reserved 1077248K
  class space    used 3787K, capacity 4052K, committed 4096K, reserved 1048576K
}
Event: 16.900 GC heap before
{Heap before GC invocations=9 (full 1):
 PSYoungGen      total 458240K, used 322407K [0x000000076ab00000, 0x000000079c000000, 0x00000007c0000000)
  eden space 444928K, 71% used [0x000000076ab00000,0x000000077dfe0f00,0x0000000785d80000)
  from space 13312K, 45% used [0x0000000785d80000,0x0000000786378e18,0x0000000786a80000)
  to   space 12800K, 0% used [0x000000079b380000,0x000000079b380000,0x000000079c000000)
 ParOldGen       total 88576K, used 6101K [0x00000006c0000000, 0x00000006c5680000, 0x000000076ab00000)
  object space 88576K, 6% used [0x00000006c0000000,0x00000006c05f57c0,0x00000006c5680000)
 Metaspace       used 34015K, capacity 35330K, committed 35416K, reserved 1079296K
  class space    used 4389K, capacity 4675K, committed 4736K, reserved 1048576K
Event: 16.921 GC heap after
Heap after GC invocations=9 (full 1):
 PSYoungGen      total 785408K, used 11185K [0x000000076ab00000, 0x000000079be80000, 0x00000007c0000000)
  eden space 774144K, 0% used [0x000000076ab00000,0x000000076ab00000,0x0000000799f00000)
  from space 11264K, 99% used [0x000000079b380000,0x000000079be6c458,0x000000079be80000)
  to   space 13824K, 0% used [0x000000079a380000,0x000000079a380000,0x000000079b100000)
 ParOldGen       total 88576K, used 6101K [0x00000006c0000000, 0x00000006c5680000, 0x000000076ab00000)
  object space 88576K, 6% used [0x00000006c0000000,0x00000006c05f57c0,0x00000006c5680000)
 Metaspace       used 34015K, capacity 35330K, committed 35416K, reserved 1079296K
  class space    used 4389K, capacity 4675K, committed 4736K, reserved 1048576K
}
Event: 16.921 GC heap before
{Heap before GC invocations=10 (full 2):
 PSYoungGen      total 785408K, used 11185K [0x000000076ab00000, 0x000000079be80000, 0x00000007c0000000)
  eden space 774144K, 0% used [0x000000076ab00000,0x000000076ab00000,0x0000000799f00000)
  from space 11264K, 99% used [0x000000079b380000,0x000000079be6c458,0x000000079be80000)
  to   space 13824K, 0% used [0x000000079a380000,0x000000079a380000,0x000000079b100000)
 ParOldGen       total 88576K, used 6101K [0x00000006c0000000, 0x00000006c5680000, 0x000000076ab00000)
  object space 88576K, 6% used [0x00000006c0000000,0x00000006c05f57c0,0x00000006c5680000)
 Metaspace       used 34015K, capacity 35330K, committed 35416K, reserved 1079296K
  class space    used 4389K, capacity 4675K, committed 4736K, reserved 1048576K
Event: 17.042 GC heap after
Heap after GC invocations=10 (full 2):
 PSYoungGen      total 785408K, used 0K [0x000000076ab00000, 0x000000079be80000, 0x00000007c0000000)
  eden space 774144K, 0% used [0x000000076ab00000,0x000000076ab00000,0x0000000799f00000)
  from space 11264K, 0% used [0x000000079b380000,0x000000079b380000,0x000000079be80000)
  to   space 13824K, 0% used [0x000000079a380000,0x000000079a380000,0x000000079b100000)
 ParOldGen       total 132608K, used 15087K [0x00000006c0000000, 0x00000006c8180000, 0x000000076ab00000)
  object space 132608K, 11% used [0x00000006c0000000,0x00000006c0ebbf80,0x00000006c8180000)
 Metaspace       used 34015K, capacity 35330K, committed 35416K, reserved 1079296K
  class space    used 4389K, capacity 4675K, committed 4736K, reserved 1048576K
}

